<?xml version="1.0" encoding="UTF-8"?>
<!-- Generated by org.testng.reporters.JUnitReportReporter -->
<testsuite hostname="DESKTOP-IRLAT8F" name="maven.Maven_Practise_Test" tests="1" failures="0" timestamp="10 Dec 2021 07:36:16 GMT" time="0.012" errors="0">
  <testcase name="MavenPractise" time="0.012" classname="maven.Maven_Practise_Test"/>
</testsuite> <!-- maven.Maven_Practise_Test -->
